<?xml version="1.0" encoding="UTF-8"?>
<!-- Generated by org.testng.reporters.JUnitReportReporter -->
<testsuite skipped="0" hostname="CLAP373" name="com.res_keywordEngine.ResNewKeywordEngin" tests="1" failures="0" timestamp="2021-01-05T17:36:46 IST" time="279.908" errors="0">
  <testcase name="SignIn" time="279.908" classname="com.res_keywordEngine.ResNewKeywordEngin"/>
  <system-out/>
</testsuite> <!-- com.res_keywordEngine.ResNewKeywordEngin -->
