<?xml version="1.0" encoding="UTF-8"?>
<!-- Generated by org.testng.reporters.JUnitReportReporter -->
<testsuite skipped="0" hostname="CLAP373" name="com.dotcom.testcase.ResKickStart" tests="1" failures="0" timestamp="2021-01-28T21:17:55 IST" time="221.774" errors="0">
  <testcase name="SignIn" time="221.774" classname="com.dotcom.testcase.ResKickStart"/>
  <system-out/>
</testsuite> <!-- com.dotcom.testcase.ResKickStart -->
