<?xml version="1.0" encoding="UTF-8"?>
<!-- Generated by org.testng.reporters.JUnitReportReporter -->
<testsuite skipped="0" hostname="CLAP334" name="com.dotcom.testcases.createReport" tests="1" failures="0" timestamp="09 Oct 2020 15:36:41 GMT" time="55.321" errors="0">
  <testcase name="SignIn" time="55.321" classname="com.dotcom.testcases.createReport"/>
</testsuite> <!-- com.dotcom.testcases.createReport -->
