<?xml version="1.0" encoding="UTF-8"?>
<!-- Generated by org.testng.reporters.JUnitReportReporter -->
<testsuite skipped="0" hostname="CLAP334" name="com.dotcom.testcases.SingIn" tests="1" failures="0" timestamp="09 Oct 2020 14:57:29 GMT" time="48.713" errors="0">
  <testcase name="SignIn" time="48.713" classname="com.dotcom.testcases.SingIn"/>
</testsuite> <!-- com.dotcom.testcases.SingIn -->
