<?xml version="1.0" encoding="UTF-8"?>
<!-- Generated by org.testng.reporters.JUnitReportReporter -->
<testsuite skipped="0" hostname="CLAP373" name="com.dotcom.testcase.kickStart" tests="1" failures="0" timestamp="2020-10-21T20:23:51 IST" time="8.280" errors="0">
  <testcase name="SignIn" time="8.280" classname="com.dotcom.testcase.kickStart"/>
  <system-out/>
</testsuite> <!-- com.dotcom.testcase.kickStart -->
