<?xml version="1.0" encoding="UTF-8"?>
<!-- Generated by org.testng.reporters.JUnitReportReporter -->
<testsuite skipped="0" hostname="CLAP373" name="com.dotcom.keyword.engine.NewKeyWordEngine" tests="1" failures="0" timestamp="2020-10-20T13:47:21 IST" time="418.413" errors="0">
  <testcase name="SignIn" time="418.413" classname="com.dotcom.keyword.engine.NewKeyWordEngine"/>
  <system-out/>
</testsuite> <!-- com.dotcom.keyword.engine.NewKeyWordEngine -->
