<?xml version="1.0" encoding="UTF-8"?>
<!-- Generated by org.testng.reporters.JUnitReportReporter -->
<testsuite skipped="0" hostname="CLAP334" name="com.res_keywordEngine.ResNewKeywordEngin" tests="1" failures="0" timestamp="15 Oct 2020 09:03:34 GMT" time="45.363" errors="0">
  <testcase name="SignIn" time="45.363" classname="com.res_keywordEngine.ResNewKeywordEngin"/>
</testsuite> <!-- com.res_keywordEngine.ResNewKeywordEngin -->
