<?xml version="1.0" encoding="UTF-8"?>
<!-- Generated by org.testng.reporters.JUnitReportReporter -->
<testsuite skipped="0" hostname="CLAP373" name="com.dotcom.testcase.ResKickStart" tests="1" failures="0" timestamp="2020-10-19T20:50:44 IST" time="230.530" errors="0">
  <testcase name="SignIn" time="230.530" classname="com.dotcom.testcase.ResKickStart"/>
  <system-out/>
</testsuite> <!-- com.dotcom.testcase.ResKickStart -->
